[debug] [2021-04-12T16:04:14.609Z] ----------------------------------------------------------------------
[debug] [2021-04-12T16:04:14.611Z] Command:       C:\Program Files\nodejs\node.exe C:\Users\Suporte\AppData\Roaming\npm\node_modules\firebase-tools\lib\bin\firebase.js init
[debug] [2021-04-12T16:04:14.612Z] CLI Version:   9.9.0
[debug] [2021-04-12T16:04:14.612Z] Platform:      win32
[debug] [2021-04-12T16:04:14.612Z] Node Version:  v14.15.5
[debug] [2021-04-12T16:04:14.613Z] Time:          Mon Apr 12 2021 13:04:14 GMT-0300 (Horário Padrão de Brasília)
[debug] [2021-04-12T16:04:14.613Z] ----------------------------------------------------------------------
[debug] 
[debug] [2021-04-12T16:04:14.619Z] > command requires scopes: ["email","openid","https://www.googleapis.com/auth/cloudplatformprojects.readonly","https://www.googleapis.com/auth/firebase","https://www.googleapis.com/auth/cloud-platform"]
[debug] [2021-04-12T16:04:14.620Z] > authorizing via signed-in user (f.a.janotte@gmail.com)
[info] 
     ######## #### ########  ######## ########     ###     ######  ########
     ##        ##  ##     ## ##       ##     ##  ##   ##  ##       ##
     ######    ##  ########  ######   ########  #########  ######  ######
     ##        ##  ##    ##  ##       ##     ## ##     ##       ## ##
     ##       #### ##     ## ######## ########  ##     ##  ######  ########

You're about to initialize a Firebase project in this directory:

  D:\Dev\dropbox-clone\app

Before we get started, keep in mind:

  * You are initializing in an existing Firebase project directory

